<?xml version="1.0" encoding="UTF-8"?>
<testng-results ignored="0" total="1" passed="1" failed="0" skipped="0">
  <reporter-output>
    <line>
      <![CDATA[opening Amazon]]>
    </line>
  </reporter-output>
  <suite started-at="2023-08-03T00:29:34 IST" name="Default suite" finished-at="2023-08-03T00:29:48 IST" duration-ms="13644">
    <groups>
    </groups>
    <test started-at="2023-08-03T00:29:34 IST" name="Default test" finished-at="2023-08-03T00:29:48 IST" duration-ms="13644">
      <class name="ecom.Amazon">
        <test-method signature="amazonTest()[pri:0, instance:ecom.Amazon@dd8ba08]" started-at="2023-08-03T00:29:34 IST" name="amazonTest" finished-at="2023-08-03T00:29:48 IST" duration-ms="13590" status="PASS">
          <reporter-output>
            <line>
              <![CDATA[opening Amazon]]>
            </line>
          </reporter-output>
        </test-method> <!-- amazonTest -->
      </class> <!-- ecom.Amazon -->
    </test> <!-- Default test -->
  </suite> <!-- Default suite -->
</testng-results>
